<?xml version="1.0" encoding="UTF-8"?>
<!-- Generated by org.testng.reporters.JUnitReportReporter -->
<testsuite skipped="0" hostname="msi-l1073" name="Log4J__Package.Log4j_Test_Class2" tests="1" failures="0" timestamp="05 Sep 2017 12:52:21 GMT" time="0.021" errors="0">
  <testcase name="Log4j_Practice2" time="0.021" classname="Log4J__Package.Log4j_Test_Class2"/>
</testsuite> <!-- Log4J__Package.Log4j_Test_Class2 -->
