<?xml version="1.0" encoding="UTF-8"?>
<!-- Generated by org.testng.reporters.JUnitReportReporter -->
<testsuite skipped="0" hostname="msi-l1073" name="TestCase.TestCase1" tests="1" failures="0" timestamp="06 Sep 2017 11:48:29 GMT" time="8.769" errors="0">
  <testcase name="Test_Case1" time="8.769" classname="TestCase.TestCase1"/>
</testsuite> <!-- TestCase.TestCase1 -->
