<?xml version="1.0" encoding="UTF-8"?>
<!-- Generated by org.testng.reporters.JUnitReportReporter -->
<testsuite skipped="0" hostname="msi-l1073" name="ReadExcelData.ReadExcelData" tests="1" failures="0" timestamp="07 Sep 2017 10:34:03 GMT" time="0.627" errors="0">
  <testcase name="ReadExcelData_M" time="0.627" classname="ReadExcelData.ReadExcelData"/>
</testsuite> <!-- ReadExcelData.ReadExcelData -->
