<?xml version="1.0" encoding="UTF-8"?>
<!-- Generated by org.testng.reporters.JUnitReportReporter -->
<testsuite skipped="0" hostname="msi-l1073" name="TestNG.Practice1" tests="2" failures="0" timestamp="21 Aug 2017 09:03:19 GMT" time="0.009" errors="0">
  <testcase name="Test1" time="0.007" classname="TestNG.Practice1"/>
  <testcase name="Test2" time="0.002" classname="TestNG.Practice1"/>
</testsuite> <!-- TestNG.Practice1 -->
