<?xml version="1.0" encoding="UTF-8"?>
<!-- Generated by org.testng.reporters.JUnitReportReporter -->
<testsuite skipped="0" hostname="msi-l1073" name="TestNG.Desired_Cap" tests="1" failures="0" timestamp="30 Aug 2017 11:58:52 GMT" time="5.518" errors="0">
  <testcase name="Test_DC" time="5.518" classname="TestNG.Desired_Cap"/>
</testsuite> <!-- TestNG.Desired_Cap -->
