<?xml version="1.0" encoding="UTF-8"?>
<!-- Generated by org.testng.reporters.JUnitReportReporter -->
<testsuite skipped="0" hostname="msi-l1073" name="Framework1.Common_Utils1" tests="1" failures="0" timestamp="23 Aug 2017 06:44:07 GMT" time="4.898" errors="0">
  <testcase name="login" time="4.898" classname="Framework1.Common_Utils1"/>
</testsuite> <!-- Framework1.Common_Utils1 -->
