<?xml version="1.0" encoding="UTF-8"?>
<!-- Generated by org.testng.reporters.JUnitReportReporter -->
<testsuite skipped="0" hostname="msi-l1073" name="testng.FunctionalTesting" tests="4" failures="0" timestamp="01 Sep 2017 12:15:04 GMT" time="0.005" errors="0">
  <testcase name="scenario3" time="0.001" classname="testng.FunctionalTesting"/>
  <testcase name="scenario2" time="0.000" classname="testng.FunctionalTesting"/>
  <testcase name="scenario1" time="0.003" classname="testng.FunctionalTesting"/>
  <testcase name="scenario2" time="0.001" classname="testng.FunctionalTesting"/>
</testsuite> <!-- testng.FunctionalTesting -->
