<?xml version="1.0" encoding="UTF-8"?>
<!-- Generated by org.testng.reporters.JUnitReportReporter -->
<testsuite hostname="INMAA1-L1005" name="com.javarticles.testng.FunctionalTesting" tests="4" failures="0" timestamp="24 Feb 2015 04:44:23 GMT" time="0.000" errors="0">
  <testcase name="scenario1" time="0.000" classname="com.javarticles.testng.FunctionalTesting"/>
  <testcase name="scenario3" time="0.000" classname="com.javarticles.testng.FunctionalTesting"/>
  <testcase name="scenario2" time="0.000" classname="com.javarticles.testng.FunctionalTesting"/>
  <testcase name="scenario2" time="0.000" classname="com.javarticles.testng.FunctionalTesting"/>
</testsuite> <!-- com.javarticles.testng.FunctionalTesting -->
