<?xml version="1.0" encoding="UTF-8"?>
<!-- Generated by org.testng.reporters.JUnitReportReporter -->
<testsuite hostname="INMAA1-L1005" name="com.javarticles.testng.ParameterizationExample" tests="1" failures="0" timestamp="17 Feb 2015 09:40:47 GMT" time="0.008" errors="0">
  <testcase name="testStaticParamExample" time="0.008" classname="com.javarticles.testng.ParameterizationExample"/>
</testsuite> <!-- com.javarticles.testng.ParameterizationExample -->
