<?xml version="1.0" encoding="UTF-8"?>
<!-- Generated by org.testng.reporters.JUnitReportReporter -->
<testsuite skipped="0" hostname="msi-l1073" name="testng.UITesting" tests="5" failures="0" timestamp="01 Sep 2017 12:15:04 GMT" time="0.000" errors="0">
  <testcase name="ui2" time="0.000" classname="testng.UITesting"/>
  <testcase name="ui1" time="0.000" classname="testng.UITesting"/>
  <testcase name="ui1" time="0.000" classname="testng.UITesting"/>
  <testcase name="ui3" time="0.000" classname="testng.UITesting"/>
  <testcase name="ui4" time="0.000" classname="testng.UITesting"/>
</testsuite> <!-- testng.UITesting -->
