<?xml version="1.0" encoding="UTF-8"?>
<!-- Generated by org.testng.reporters.JUnitReportReporter -->
<testsuite hostname="INMAA1-L1005" name="com.javarticles.testng.StaticMethodParameterizationExample" tests="1" failures="0" timestamp="17 Feb 2015 11:13:06 GMT" time="0.008" errors="0">
  <testcase name="staticMethodParamExample" time="0.008" classname="com.javarticles.testng.StaticMethodParameterizationExample"/>
</testsuite> <!-- com.javarticles.testng.StaticMethodParameterizationExample -->
