<?xml version="1.0" encoding="UTF-8"?>
<!-- Generated by org.testng.reporters.JUnitReportReporter -->
<testsuite hostname="INMAA1-L1005" name="com.javarticles.testng.UnitLevelTesting" tests="4" failures="0" timestamp="24 Feb 2015 04:44:23 GMT" time="0.001" errors="0">
  <testcase name="unitTest3" time="0.001" classname="com.javarticles.testng.UnitLevelTesting"/>
  <testcase name="unitTest1" time="0.000" classname="com.javarticles.testng.UnitLevelTesting"/>
  <testcase name="unitTest3" time="0.000" classname="com.javarticles.testng.UnitLevelTesting"/>
  <testcase name="unitTest2" time="0.000" classname="com.javarticles.testng.UnitLevelTesting"/>
</testsuite> <!-- com.javarticles.testng.UnitLevelTesting -->
