<?xml version="1.0" encoding="UTF-8"?>
<!-- Generated by org.testng.reporters.JUnitReportReporter -->
<testsuite hostname="INMAA1-L1005" name="com.javarticles.testng.InheritedParamExample" tests="1" failures="0" timestamp="17 Feb 2015 11:53:47 GMT" time="0.007" errors="0">
  <testcase name="inheritedParams" time="0.007" classname="com.javarticles.testng.InheritedParamExample"/>
</testsuite> <!-- com.javarticles.testng.InheritedParamExample -->
