<?xml version="1.0" encoding="UTF-8"?>
<!-- Generated by org.testng.reporters.JUnitReportReporter -->
<testsuite hostname="INMAA1-L1005" name="com.javarticles.testng.TestClass2" tests="1" failures="0" timestamp="17 Feb 2015 11:12:28 GMT" time="0.001" errors="0">
  <testcase name="accessClassLevelParam" time="0.001" classname="com.javarticles.testng.TestClass2"/>
</testsuite> <!-- com.javarticles.testng.TestClass2 -->
