<?xml version="1.0" encoding="UTF-8"?>
<!-- Generated by org.testng.reporters.JUnitReportReporter -->
<testsuite hostname="INMAA1-L1005" name="com.javarticles.testng.UITesting" tests="5" failures="0" timestamp="24 Feb 2015 04:44:23 GMT" time="0.000" errors="0">
  <testcase name="ui2" time="0.000" classname="com.javarticles.testng.UITesting"/>
  <testcase name="ui3" time="0.000" classname="com.javarticles.testng.UITesting"/>
  <testcase name="ui1" time="0.000" classname="com.javarticles.testng.UITesting"/>
  <testcase name="ui1" time="0.000" classname="com.javarticles.testng.UITesting"/>
  <testcase name="ui4" time="0.000" classname="com.javarticles.testng.UITesting"/>
</testsuite> <!-- com.javarticles.testng.UITesting -->
