<?xml version="1.0" encoding="UTF-8"?>
<!-- Generated by org.testng.reporters.JUnitReportReporter -->
<testsuite hostname="INMAA1-L1005" name="com.javarticles.testng.SimpleParameterizationExample" tests="1" failures="0" timestamp="17 Feb 2015 09:58:09 GMT" time="0.007" errors="0">
  <testcase name="paramExample" time="0.007" classname="com.javarticles.testng.SimpleParameterizationExample"/>
</testsuite> <!-- com.javarticles.testng.SimpleParameterizationExample -->
