<?xml version="1.0" encoding="UTF-8"?>
<!-- Generated by org.testng.reporters.JUnitReportReporter -->
<testsuite hostname="INMAA1-L1005" name="com.javarticles.testng.TestClass1" tests="3" failures="0" timestamp="17 Feb 2015 11:12:28 GMT" time="0.004" errors="0">
  <testcase name="accessSuiteLevelParam" time="0.004" classname="com.javarticles.testng.TestClass1"/>
  <testcase name="beforeTest" time="0.000" classname="com.javarticles.testng.TestClass1"/>
  <testcase name="overrideCommonParam" time="0.000" classname="com.javarticles.testng.TestClass1"/>
</testsuite> <!-- com.javarticles.testng.TestClass1 -->
